Traceback (most recent call last):
  File "/home/pbellec/env/psy3018/lib/python3.8/site-packages/jupyter_cache/executors/utils.py", line 51, in single_nb_execution
    executenb(
  File "/home/pbellec/env/psy3018/lib/python3.8/site-packages/nbclient/client.py", line 1112, in execute
    return NotebookClient(nb=nb, resources=resources, km=km, **kwargs).execute()
  File "/home/pbellec/env/psy3018/lib/python3.8/site-packages/nbclient/util.py", line 74, in wrapped
    return just_run(coro(*args, **kwargs))
  File "/home/pbellec/env/psy3018/lib/python3.8/site-packages/nbclient/util.py", line 53, in just_run
    return loop.run_until_complete(coro)
  File "/usr/lib/python3.8/asyncio/base_events.py", line 616, in run_until_complete
    return future.result()
  File "/home/pbellec/env/psy3018/lib/python3.8/site-packages/nbclient/client.py", line 553, in async_execute
    await self.async_execute_cell(
  File "/home/pbellec/env/psy3018/lib/python3.8/site-packages/nbclient/client.py", line 857, in async_execute_cell
    self._check_raise_for_error(cell, exec_reply)
  File "/home/pbellec/env/psy3018/lib/python3.8/site-packages/nbclient/client.py", line 760, in _check_raise_for_error
    raise CellExecutionError.from_cell_and_msg(cell, exec_reply_content)
nbclient.exceptions.CellExecutionError: An error occurred while executing the following cell:
------------------
# Importer les librairies
import numpy as np
import matplotlib.pyplot as plt
from nilearn import datasets
from nilearn.input_data import NiftiMasker
from nilearn.image import get_data

# Charge les données
n_subjects = 100  
oasis_dataset = datasets.fetch_oasis_vbm(n_subjects=n_subjects)
gray_matter_map_filenames = oasis_dataset.gray_matter_maps
age = oasis_dataset.ext_vars['age'].astype(float)
sex = oasis_dataset.ext_vars['mf'] == b'F'

# On convertit les données en pandas dataframe
# Deux voxels intéressants ont été sélectionnés
import pandas as pd
coords = np.array([[ 29.,  10.,   4.], [-19.,   8., -11.]])
colors = ['blue', 'olive']

from nilearn import input_data
masker = input_data.NiftiSpheresMasker(coords)
gm = masker.fit_transform(gray_matter_map_filenames)

df = pd.DataFrame({
    "age": age,
    "sexe": oasis_dataset.ext_vars['mf'],
    "MG1": gm[:, 0],
    "MG2": gm[:, 1]
    })

df["sexe"] = df["sexe"].replace([b'F', b'M'], value=['femelle', 'male'])


# On génère la Figure
from nilearn import plotting
fig = plt.figure(figsize=(24, 14))

for i in range(0, 6):        
    nx = np.floor_divide(i, 3)
    ny = np.remainder(i, 3)
    ax = plt.subplot2grid((2, 5), (nx, ny), colspan=1)
    roi_img = plotting.plot_anat(
        gray_matter_map_filenames[i], cut_coords=[coords[nx][2]], figure=fig,
        axes=ax, display_mode='z', colorbar=False)
    roi_img.add_markers([coords[nx]], colors[nx], 100)

sns.set_theme(style="darkgrid")
ax = plt.subplot2grid((2, 5), (0, 3), colspan=2)
sns.histplot(
    df["MG1"], ax=ax, binwidth=0.05, binrange=[0, 1], stat='frequency')

ax = plt.subplot2grid((2, 5), (1, 3), colspan=2)
sns.histplot(
    df["MG2"], ax=ax, binwidth=0.05, binrange=[0, 1], stat='frequency')

from myst_nb import glue
glue("vbm-distribution-fig", fig, display=False)
------------------

[0;31m-------------------------------------------------------------------------[0m
[0;31mNameError[0m                               Traceback (most recent call last)
[0;32m<ipython-input-1-69c0bd5720cd>[0m in [0;36m<module>[0;34m[0m
[1;32m     46[0m     [0mroi_img[0m[0;34m.[0m[0madd_markers[0m[0;34m([0m[0;34m[[0m[0mcoords[0m[0;34m[[0m[0mnx[0m[0;34m][0m[0;34m][0m[0;34m,[0m [0mcolors[0m[0;34m[[0m[0mnx[0m[0;34m][0m[0;34m,[0m [0;36m100[0m[0;34m)[0m[0;34m[0m[0;34m[0m[0m
[1;32m     47[0m [0;34m[0m[0m
[0;32m---> 48[0;31m [0msns[0m[0;34m.[0m[0mset_theme[0m[0;34m([0m[0mstyle[0m[0;34m=[0m[0;34m"darkgrid"[0m[0;34m)[0m[0;34m[0m[0;34m[0m[0m
[0m[1;32m     49[0m [0max[0m [0;34m=[0m [0mplt[0m[0;34m.[0m[0msubplot2grid[0m[0;34m([0m[0;34m([0m[0;36m2[0m[0;34m,[0m [0;36m5[0m[0;34m)[0m[0;34m,[0m [0;34m([0m[0;36m0[0m[0;34m,[0m [0;36m3[0m[0;34m)[0m[0;34m,[0m [0mcolspan[0m[0;34m=[0m[0;36m2[0m[0;34m)[0m[0;34m[0m[0;34m[0m[0m
[1;32m     50[0m sns.histplot(

[0;31mNameError[0m: name 'sns' is not defined
NameError: name 'sns' is not defined

